============================= test session starts ==============================
platform darwin -- Python 3.13.11, pytest-9.0.3, pluggy-1.6.0
rootdir: /Users/vladimir/PycharmProjects/HW14
configfile: pyproject.toml
plugins: cov-7.1.0
collected 31 items

tests/test_classes.py .....                                              [ 16%]
tests/test_inheritance.py .......                                        [ 38%]
tests/test_iterators.py ..                                               [ 45%]
tests/test_models.py .............                                       [ 87%]
tests/test_utils.py ....                                                 [100%]

================================ tests coverage ================================
______________ coverage: platform darwin, python 3.13.11-final-0 _______________

Name               Stmts   Miss  Cover
--------------------------------------
src/__init__.py        0      0   100%
src/iterators.py       8      0   100%
src/models.py        101     11    89%
src/utils.py           5      0   100%
--------------------------------------
TOTAL                114     11    90%
============================== 31 passed in 0.51s ==============================
