============================= test session starts ==============================
platform darwin -- Python 3.13.11, pytest-9.0.3, pluggy-1.6.0
rootdir: /Users/vladimir/PycharmProjects/HW14
configfile: pyproject.toml
plugins: cov-7.1.0
collected 24 items

tests/test_classes.py .....                                              [ 20%]
tests/test_iterators.py ..                                               [ 29%]
tests/test_models.py .............                                       [ 83%]
tests/test_utils.py ....                                                 [100%]

================================ tests coverage ================================
______________ coverage: platform darwin, python 3.13.11-final-0 _______________

Name               Stmts   Miss  Cover
--------------------------------------
src/__init__.py        0      0   100%
src/iterators.py       8      0   100%
src/models.py         73      4    95%
src/utils.py           5      0   100%
--------------------------------------
TOTAL                 86      4    95%
============================== 24 passed in 0.29s ==============================
